<?xml version="1.0" encoding="UTF-8"?>
<testsuite xmlns:xsi="http://www.w3.org/2001/XMLSchema-instance" xsi:noNamespaceSchemaLocation="https://maven.apache.org/surefire/maven-surefire-plugin/xsd/surefire-test-report.xsd" name="net.torrydev.microservices.commentsservice.AcceptanceTest" time="14.099" tests="5" errors="0" skipped="0" failures="0">
  <properties>
[...]
</properties>
  <testcase name="getUsersComments" classname="net.torrydev.microservices.commentsservice.AcceptanceTest" time="0.578"/>
  <testcase name="getProductComments" classname="net.torrydev.microservices.commentsservice.AcceptanceTest" time="0.019"/>
  <testcase name="getCommentById" classname="net.torrydev.microservices.commentsservice.AcceptanceTest" time="0.062"/>
  <testcase name="createNewComment" classname="net.torrydev.microservices.commentsservice.AcceptanceTest" time="0.111"/>
  <testcase name="createNewCommentWithBadRequest" classname="net.torrydev.microservices.commentsservice.AcceptanceTest" time="0.015"/>
</testsuite>